{"level":"debug","message":"Rest Api Initialization Started..","timestamp":"2018-04-08T16:54:50.284Z"}
{"level":"debug","message":"Rest Api Initialization Started..","timestamp":"2018-04-08T16:56:13.958Z"}
{"level":"debug","message":"Rest Api Initialization Started..","timestamp":"2018-04-08T16:57:17.388Z"}
{"level":"debug","message":"Rest Api Initialization Started..","timestamp":"2018-04-08T17:04:16.262Z"}
{"level":"debug","message":"Rest Api Initialization Started..","timestamp":"2018-04-08T17:10:03.299Z"}
{"level":"debug","message":"Rest Api Initialization Started..","timestamp":"2018-04-08T17:10:47.261Z"}
{"level":"debug","message":"Rest Api Initialization Started..","timestamp":"2018-04-08T17:12:04.918Z"}
{"level":"debug","message":"Rest Api Initialization Started..","timestamp":"2018-04-08T17:13:07.985Z"}
{"level":"debug","message":"Rest Api Initialization Started..","timestamp":"2018-04-08T17:16:05.052Z"}
{"level":"debug","message":"Rest Api Initialization Started..","timestamp":"2018-04-08T17:16:21.656Z"}
{"level":"debug","message":"Rest Api Initialization Started..","timestamp":"2018-04-08T17:18:05.334Z"}
{"level":"debug","message":"Rest Api Initialization Started..","timestamp":"2018-04-08T17:19:17.475Z"}
{"level":"debug","message":"Rest Api Initialization Started..","timestamp":"2018-04-08T17:21:20.838Z"}
{"level":"debug","message":"Rest Api Initialization Started..","timestamp":"2018-04-08T17:24:45.315Z"}
{"level":"debug","message":"Rest Api Initialization Started..","timestamp":"2018-04-08T18:08:50.388Z"}
{"level":"debug","message":"Rest Api Initialization Started..","timestamp":"2018-04-08T18:28:18.466Z"}
{"level":"debug","message":"Rest Api Initialization Started..","timestamp":"2018-04-08T18:29:45.270Z"}
{"level":"debug","message":"0","timestamp":"2018-04-08T18:30:58.299Z"}
{"level":"debug","message":"[]","timestamp":"2018-04-08T18:30:58.301Z"}
{"level":"debug","message":"synComment API - return all comments","timestamp":"2018-04-08T18:31:02.207Z"}
{"level":"debug","message":"Rest Api Initialization Started..","timestamp":"2018-04-08T18:37:53.355Z"}
{"level":"debug","message":"Rest Api Initialization Started..","timestamp":"2018-04-08T18:38:18.564Z"}
{"level":"debug","message":"Rest Api Initialization Started..","timestamp":"2018-04-08T18:39:34.548Z"}
{"level":"debug","message":"Rest Api Initialization Started..","timestamp":"2018-04-08T18:40:11.236Z"}
{"level":"debug","message":"Rest Api Initialization Started..","timestamp":"2018-04-08T18:43:19.671Z"}
{"level":"debug","message":"Rest Api Initialization Started..","timestamp":"2018-04-08T18:45:20.004Z"}
{"level":"debug","message":"Rest Api Initialization Started..","timestamp":"2018-04-08T18:47:29.919Z"}
{"level":"debug","message":"Rest Api Initialization Started..","timestamp":"2018-04-08T18:48:14.715Z"}
{"level":"debug","message":"Rest Api Initialization Started..","timestamp":"2018-04-08T18:48:52.323Z"}
{"level":"debug","message":"Rest Api Initialization Started..","timestamp":"2018-04-08T18:49:10.747Z"}
{"level":"debug","message":"Rest Api Initialization Started..","timestamp":"2018-04-08T18:49:25.909Z"}
{"level":"debug","message":"Rest Api Initialization Started..","timestamp":"2018-04-08T18:50:21.393Z"}
{"level":"debug","message":"Rest Api Initialization Started..","timestamp":"2018-04-08T18:51:05.562Z"}
{"level":"debug","message":"Rest Api Initialization Started..","timestamp":"2018-04-08T18:51:28.142Z"}
{"level":"debug","message":"Rest Api Initialization Started..","timestamp":"2018-04-08T18:53:04.880Z"}
{"level":"debug","message":"Rest Api Initialization Started..","timestamp":"2018-04-08T18:59:26.093Z"}
{"level":"debug","message":"0","timestamp":"2018-04-08T19:00:38.865Z"}
{"level":"debug","message":"[]","timestamp":"2018-04-08T19:00:38.867Z"}
{"level":"debug","message":"synComment API - return all comments","timestamp":"2018-04-08T19:00:40.903Z"}
{"level":"debug","message":"Rest Api Initialization Started..","timestamp":"2018-04-08T19:02:05.881Z"}
{"level":"debug","message":"0","timestamp":"2018-04-08T19:02:07.793Z"}
{"level":"debug","message":"[]","timestamp":"2018-04-08T19:02:07.793Z"}
{"level":"debug","message":"synComment API - return all comments","timestamp":"2018-04-08T19:02:07.794Z"}
{"level":"debug","message":"Rest Api Initialization Started..","timestamp":"2018-04-08T19:06:52.742Z"}
{"level":"debug","message":"0","timestamp":"2018-04-08T19:06:55.959Z"}
{"level":"debug","message":"[]","timestamp":"2018-04-08T19:06:55.959Z"}
{"level":"debug","message":"synComment API - return all comments","timestamp":"2018-04-08T19:06:55.960Z"}
{"level":"debug","message":"0","timestamp":"2018-04-08T19:07:44.196Z"}
{"level":"debug","message":"[]","timestamp":"2018-04-08T19:07:44.198Z"}
{"level":"debug","message":"synComment API - return all comments","timestamp":"2018-04-08T19:07:44.198Z"}
{"level":"debug","message":"0","timestamp":"2018-04-08T19:07:45.700Z"}
{"level":"debug","message":"[]","timestamp":"2018-04-08T19:07:45.700Z"}
{"level":"debug","message":"synComment API - return all comments","timestamp":"2018-04-08T19:07:45.701Z"}
{"level":"debug","message":"Rest Api Initialization Started..","timestamp":"2018-04-08T19:07:52.877Z"}
{"level":"debug","message":"0","timestamp":"2018-04-08T19:07:54.676Z"}
{"level":"debug","message":"[]","timestamp":"2018-04-08T19:07:54.677Z"}
{"level":"debug","message":"synComment API - return all comments","timestamp":"2018-04-08T19:07:54.678Z"}
{"level":"debug","message":"0","timestamp":"2018-04-08T19:07:56.592Z"}
{"level":"debug","message":"[]","timestamp":"2018-04-08T19:07:56.592Z"}
{"level":"debug","message":"synComment API - return all comments","timestamp":"2018-04-08T19:07:56.593Z"}
{"level":"debug","message":"Rest Api Initialization Started..","timestamp":"2018-04-08T19:09:14.719Z"}
{"level":"debug","message":"0","timestamp":"2018-04-08T19:09:25.731Z"}
{"level":"debug","message":"[]","timestamp":"2018-04-08T19:09:25.733Z"}
{"level":"debug","message":"synComment API - return all comments","timestamp":"2018-04-08T19:09:25.735Z"}
{"level":"debug","message":"0","timestamp":"2018-04-08T19:10:45.291Z"}
{"level":"debug","message":"[]","timestamp":"2018-04-08T19:10:45.292Z"}
{"level":"debug","message":"synComment API - return all comments","timestamp":"2018-04-08T19:10:45.292Z"}
{"level":"debug","message":"Rest Api Initialization Started..","timestamp":"2018-04-08T19:13:47.339Z"}
{"level":"debug","message":"0","timestamp":"2018-04-08T19:13:50.529Z"}
{"level":"debug","message":"[]","timestamp":"2018-04-08T19:13:50.529Z"}
{"level":"debug","message":"synComment API - return all comments","timestamp":"2018-04-08T19:13:50.530Z"}
{"level":"debug","message":"Rest Api Initialization Started..","timestamp":"2018-04-08T19:16:26.098Z"}
{"level":"debug","message":"0","timestamp":"2018-04-08T19:16:27.926Z"}
{"level":"debug","message":"[]","timestamp":"2018-04-08T19:16:27.926Z"}
{"level":"debug","message":"synComment API - return all comments","timestamp":"2018-04-08T19:16:27.927Z"}
{"level":"debug","message":"0","timestamp":"2018-04-08T19:21:44.856Z"}
{"level":"debug","message":"[]","timestamp":"2018-04-08T19:21:44.857Z"}
{"level":"debug","message":"synComment API - return all comments","timestamp":"2018-04-08T19:21:44.857Z"}
{"level":"debug","message":"0","timestamp":"2018-04-08T19:22:07.251Z"}
{"level":"debug","message":"[]","timestamp":"2018-04-08T19:22:07.252Z"}
{"level":"debug","message":"synComment API - return all comments","timestamp":"2018-04-08T19:22:07.252Z"}
{"level":"debug","message":"Rest Api Initialization Started..","timestamp":"2018-04-11T05:49:10.308Z"}
{"level":"debug","message":"0","timestamp":"2018-04-11T05:49:32.817Z"}
{"level":"debug","message":"[]","timestamp":"2018-04-11T05:49:32.818Z"}
{"level":"debug","message":"synComment API - return all comments","timestamp":"2018-04-11T05:49:32.818Z"}
{"level":"debug","message":"0","timestamp":"2018-04-11T05:53:58.558Z"}
{"level":"debug","message":"[]","timestamp":"2018-04-11T05:53:58.558Z"}
{"level":"debug","message":"synComment API - return all comments","timestamp":"2018-04-11T05:53:58.558Z"}
{"level":"debug","message":"Rest Api Initialization Started..","timestamp":"2018-04-11T05:55:29.285Z"}
{"level":"debug","message":"0","timestamp":"2018-04-11T05:55:29.590Z"}
{"level":"debug","message":"[]","timestamp":"2018-04-11T05:55:29.591Z"}
{"level":"debug","message":"synComment API - return all comments","timestamp":"2018-04-11T05:55:29.591Z"}
{"level":"debug","message":"Rest Api Initialization Started..","timestamp":"2018-04-11T05:58:46.371Z"}
{"level":"debug","message":"0","timestamp":"2018-04-11T05:58:51.321Z"}
{"level":"debug","message":"[]","timestamp":"2018-04-11T05:58:51.322Z"}
{"level":"debug","message":"synComment API - return all comments","timestamp":"2018-04-11T05:58:51.323Z"}
{"level":"debug","message":"Rest Api Initialization Started..","timestamp":"2018-04-11T06:00:18.801Z"}
{"level":"debug","message":"Rest Api Initialization Started..","timestamp":"2018-04-11T06:04:04.246Z"}
{"level":"debug","message":"0","timestamp":"2018-04-11T06:04:06.945Z"}
{"level":"debug","message":"[]","timestamp":"2018-04-11T06:04:06.945Z"}
{"level":"debug","message":"synComment API - return all comments","timestamp":"2018-04-11T06:04:06.946Z"}
{"level":"debug","message":"Rest Api Initialization Started..","timestamp":"2018-04-11T06:06:20.948Z"}
{"level":"debug","message":"0","timestamp":"2018-04-11T06:06:38.963Z"}
{"level":"debug","message":"[]","timestamp":"2018-04-11T06:06:38.963Z"}
{"level":"debug","message":"synComment API - return all comments","timestamp":"2018-04-11T06:06:38.964Z"}
{"level":"debug","message":"Rest Api Initialization Started..","timestamp":"2018-04-11T06:08:35.249Z"}
{"level":"debug","message":"0","timestamp":"2018-04-11T06:09:27.153Z"}
{"level":"debug","message":"[]","timestamp":"2018-04-11T06:09:27.154Z"}
{"level":"debug","message":"synComment API - return all comments","timestamp":"2018-04-11T06:09:27.154Z"}
{"level":"debug","message":"Rest Api Initialization Started..","timestamp":"2018-04-11T06:10:43.898Z"}
{"level":"debug","message":"0","timestamp":"2018-04-11T06:14:53.722Z"}
{"level":"debug","message":"[]","timestamp":"2018-04-11T06:14:53.723Z"}
{"level":"debug","message":"synComment API - return all comments","timestamp":"2018-04-11T06:14:53.723Z"}
{"level":"debug","message":"0","timestamp":"2018-04-11T06:18:19.126Z"}
{"level":"debug","message":"[]","timestamp":"2018-04-11T06:18:19.126Z"}
{"level":"debug","message":"synComment API - return all comments","timestamp":"2018-04-11T06:18:19.127Z"}
{"level":"debug","message":"Rest Api Initialization Started..","timestamp":"2018-04-11T06:18:46.550Z"}
{"level":"debug","message":"Rest Api Initialization Started..","timestamp":"2018-04-11T06:19:01.820Z"}
{"level":"debug","message":"0","timestamp":"2018-04-11T06:19:07.279Z"}
{"level":"debug","message":"[]","timestamp":"2018-04-11T06:19:07.279Z"}
{"level":"debug","message":"synComment API - return all comments","timestamp":"2018-04-11T06:19:07.280Z"}
{"level":"debug","message":"Rest Api Initialization Started..","timestamp":"2018-04-11T06:20:30.186Z"}
{"level":"debug","message":"0","timestamp":"2018-04-11T06:20:31.238Z"}
{"level":"debug","message":"[]","timestamp":"2018-04-11T06:20:31.238Z"}
{"level":"debug","message":"synComment API - return all comments","timestamp":"2018-04-11T06:20:31.239Z"}
{"level":"debug","message":"Rest Api Initialization Started..","timestamp":"2018-04-11T06:21:01.687Z"}
{"level":"debug","message":"0","timestamp":"2018-04-11T06:21:02.525Z"}
{"level":"debug","message":"[]","timestamp":"2018-04-11T06:21:02.526Z"}
{"level":"debug","message":"synComment API - return all comments","timestamp":"2018-04-11T06:21:02.526Z"}
{"level":"debug","message":"Rest Api Initialization Started..","timestamp":"2018-04-11T06:26:04.318Z"}
{"level":"debug","message":"0","timestamp":"2018-04-11T06:26:09.293Z"}
{"level":"debug","message":"[]","timestamp":"2018-04-11T06:26:09.293Z"}
{"level":"debug","message":"synComment API - return all comments","timestamp":"2018-04-11T06:26:09.293Z"}
{"level":"debug","message":"Rest Api Initialization Started..","timestamp":"2018-04-11T06:26:36.673Z"}
{"level":"debug","message":"0","timestamp":"2018-04-11T06:26:37.843Z"}
{"level":"debug","message":"[]","timestamp":"2018-04-11T06:26:37.843Z"}
{"level":"debug","message":"synComment API - return all comments","timestamp":"2018-04-11T06:26:37.843Z"}
{"level":"debug","message":"Rest Api Initialization Started..","timestamp":"2018-04-11T06:31:42.104Z"}
{"level":"debug","message":"0","timestamp":"2018-04-11T06:31:50.854Z"}
{"level":"debug","message":"[]","timestamp":"2018-04-11T06:31:50.854Z"}
{"level":"debug","message":"synComment API - return all comments","timestamp":"2018-04-11T06:31:50.855Z"}
{"level":"debug","message":"Rest Api Initialization Started..","timestamp":"2018-04-11T06:35:05.260Z"}
{"level":"debug","message":"0","timestamp":"2018-04-11T06:35:10.621Z"}
{"level":"debug","message":"[]","timestamp":"2018-04-11T06:35:10.622Z"}
{"level":"debug","message":"synComment API - return all comments","timestamp":"2018-04-11T06:35:10.622Z"}
{"level":"debug","message":"Rest Api Initialization Started..","timestamp":"2018-04-11T06:35:56.685Z"}
{"level":"debug","message":"0","timestamp":"2018-04-11T06:35:57.717Z"}
{"level":"debug","message":"[]","timestamp":"2018-04-11T06:35:57.717Z"}
{"level":"debug","message":"synComment API - return all comments","timestamp":"2018-04-11T06:35:57.717Z"}
{"level":"debug","message":"comment sync successfully","timestamp":"2018-04-11T06:36:08.996Z"}
{"level":"debug","message":"Rest Api Initialization Started..","timestamp":"2018-04-11T06:36:24.693Z"}
{"level":"debug","message":"0","timestamp":"2018-04-11T06:36:27.047Z"}
{"level":"debug","message":"[]","timestamp":"2018-04-11T06:36:27.048Z"}
{"level":"debug","message":"synComment API - return all comments","timestamp":"2018-04-11T06:36:27.048Z"}
{"level":"debug","message":"comment sync successfully","timestamp":"2018-04-11T06:36:41.820Z"}
{"level":"debug","message":"syncComment API - sync comment","timestamp":"2018-04-11T06:36:45.165Z"}
{"level":"debug","message":"0","timestamp":"2018-04-11T06:36:59.397Z"}
{"level":"debug","message":"[]","timestamp":"2018-04-11T06:37:01.124Z"}
{"level":"debug","message":"synComment API - return all comments","timestamp":"2018-04-11T06:37:03.980Z"}
{"level":"debug","message":"comment sync successfully","timestamp":"2018-04-11T06:37:54.549Z"}
{"level":"debug","message":"Rest Api Initialization Started..","timestamp":"2018-04-11T06:41:37.435Z"}
{"level":"debug","message":"0","timestamp":"2018-04-11T06:41:45.177Z"}
{"level":"debug","message":"[]","timestamp":"2018-04-11T06:41:45.177Z"}
{"level":"debug","message":"synComment API - return all comments","timestamp":"2018-04-11T06:41:45.177Z"}
{"level":"debug","message":"comment sync successfully","timestamp":"2018-04-11T06:42:05.156Z"}
{"level":"debug","message":"syncComment API - sync comment","timestamp":"2018-04-11T06:42:09.083Z"}
{"level":"debug","message":"1","timestamp":"2018-04-11T06:42:22.504Z"}
{"level":"debug","message":"[{\"created_on\":\"2018-04-11T06:42:14.215Z\",\"modified_on\":\"2018-04-11T06:42:14.215Z\",\"_id\":\"5acdae3192a53413e12ba700\",\"comment\":\"ram fd dfd \",\"__v\":0}]","timestamp":"2018-04-11T06:42:23.063Z"}
{"level":"debug","message":"synComment API - return all comments","timestamp":"2018-04-11T06:42:26.080Z"}
{"level":"debug","message":"comment sync successfully","timestamp":"2018-04-11T06:43:08.658Z"}
{"level":"debug","message":"syncComment API - sync comment","timestamp":"2018-04-11T06:43:09.266Z"}
{"level":"debug","message":"2","timestamp":"2018-04-11T06:43:17.272Z"}
{"level":"debug","message":"[{\"created_on\":\"2018-04-11T06:43:13.217Z\",\"modified_on\":\"2018-04-11T06:43:13.217Z\",\"_id\":\"5acdae3192a53413e12ba700\",\"comment\":\"ram fd dfd \",\"__v\":0},{\"created_on\":\"2018-04-11T06:43:13.217Z\",\"modified_on\":\"2018-04-11T06:43:13.217Z\",\"_id\":\"5acdae7592a53413e12ba701\",\"comment\":\"ram df \",\"__v\":0}]","timestamp":"2018-04-11T06:43:17.273Z"}
{"level":"debug","message":"synComment API - return all comments","timestamp":"2018-04-11T06:43:17.273Z"}
{"level":"debug","message":"2","timestamp":"2018-04-11T06:43:26.463Z"}
{"level":"debug","message":"[{\"created_on\":\"2018-04-11T06:43:26.462Z\",\"modified_on\":\"2018-04-11T06:43:26.462Z\",\"_id\":\"5acdae3192a53413e12ba700\",\"comment\":\"ram fd dfd \",\"__v\":0},{\"created_on\":\"2018-04-11T06:43:26.462Z\",\"modified_on\":\"2018-04-11T06:43:26.462Z\",\"_id\":\"5acdae7592a53413e12ba701\",\"comment\":\"ram df \",\"__v\":0}]","timestamp":"2018-04-11T06:43:26.463Z"}
{"level":"debug","message":"synComment API - return all comments","timestamp":"2018-04-11T06:43:26.463Z"}
{"level":"debug","message":"comment sync successfully","timestamp":"2018-04-11T06:43:49.389Z"}
{"level":"debug","message":"syncComment API - sync comment","timestamp":"2018-04-11T06:43:49.389Z"}
{"level":"debug","message":"3","timestamp":"2018-04-11T06:43:54.666Z"}
{"level":"debug","message":"[{\"created_on\":\"2018-04-11T06:43:54.666Z\",\"modified_on\":\"2018-04-11T06:43:54.666Z\",\"_id\":\"5acdae3192a53413e12ba700\",\"comment\":\"ram fd dfd \",\"__v\":0},{\"created_on\":\"2018-04-11T06:43:54.666Z\",\"modified_on\":\"2018-04-11T06:43:54.666Z\",\"_id\":\"5acdae7592a53413e12ba701\",\"comment\":\"ram df \",\"__v\":0},{\"created_on\":\"2018-04-11T06:43:54.666Z\",\"modified_on\":\"2018-04-11T06:43:54.666Z\",\"_id\":\"5acdaea592a53413e12ba702\",\"comment\":\"[object Object],[object Object] fdf \",\"__v\":0}]","timestamp":"2018-04-11T06:43:54.667Z"}
{"level":"debug","message":"synComment API - return all comments","timestamp":"2018-04-11T06:43:54.667Z"}
{"level":"debug","message":"Rest Api Initialization Started..","timestamp":"2018-04-11T07:03:38.765Z"}
{"level":"debug","message":"3","timestamp":"2018-04-11T07:03:39.803Z"}
{"level":"debug","message":"[{\"created_on\":\"2018-04-11T07:03:39.801Z\",\"modified_on\":\"2018-04-11T07:03:39.801Z\",\"_id\":\"5acdae3192a53413e12ba700\",\"comment\":\"ram fd dfd \",\"__v\":0},{\"created_on\":\"2018-04-11T07:03:39.803Z\",\"modified_on\":\"2018-04-11T07:03:39.803Z\",\"_id\":\"5acdae7592a53413e12ba701\",\"comment\":\"ram df \",\"__v\":0},{\"created_on\":\"2018-04-11T07:03:39.803Z\",\"modified_on\":\"2018-04-11T07:03:39.803Z\",\"_id\":\"5acdaea592a53413e12ba702\",\"comment\":\"[object Object],[object Object] fdf \",\"__v\":0}]","timestamp":"2018-04-11T07:03:39.804Z"}
{"level":"debug","message":"synComment API - return all comments","timestamp":"2018-04-11T07:03:39.804Z"}
{"level":"debug","message":"1","timestamp":"2018-04-11T07:03:58.994Z"}
{"level":"debug","message":"[{\"created_on\":\"2018-04-11T07:03:58.994Z\",\"modified_on\":\"2018-04-11T07:03:58.994Z\",\"_id\":\"5acdaea592a53413e12ba702\",\"comment\":\"[object Object],[object Object] fdf \",\"__v\":0}]","timestamp":"2018-04-11T07:03:58.994Z"}
{"level":"debug","message":"synComment API - return all comments","timestamp":"2018-04-11T07:03:58.995Z"}
{"level":"debug","message":"Rest Api Initialization Started..","timestamp":"2018-04-11T07:04:45.514Z"}
{"level":"debug","message":"0","timestamp":"2018-04-11T07:04:49.833Z"}
{"level":"debug","message":"[]","timestamp":"2018-04-11T07:04:49.834Z"}
{"level":"debug","message":"synComment API - return all comments","timestamp":"2018-04-11T07:04:49.834Z"}
{"level":"debug","message":"0","timestamp":"2018-04-11T07:04:58.790Z"}
{"level":"debug","message":"[]","timestamp":"2018-04-11T07:04:58.790Z"}
{"level":"debug","message":"synComment API - return all comments","timestamp":"2018-04-11T07:04:58.790Z"}
{"level":"debug","message":"0","timestamp":"2018-04-11T07:05:23.636Z"}
{"level":"debug","message":"[]","timestamp":"2018-04-11T07:05:23.636Z"}
{"level":"debug","message":"synComment API - return all comments","timestamp":"2018-04-11T07:05:23.636Z"}
{"level":"debug","message":"0","timestamp":"2018-04-11T07:05:38.497Z"}
{"level":"debug","message":"[]","timestamp":"2018-04-11T07:05:38.497Z"}
{"level":"debug","message":"synComment API - return all comments","timestamp":"2018-04-11T07:05:38.498Z"}
{"level":"debug","message":"0","timestamp":"2018-04-11T07:07:03.901Z"}
{"level":"debug","message":"[]","timestamp":"2018-04-11T07:07:03.901Z"}
{"level":"debug","message":"synComment API - return all comments","timestamp":"2018-04-11T07:07:03.901Z"}
{"level":"debug","message":"0","timestamp":"2018-04-11T07:07:38.400Z"}
{"level":"debug","message":"[]","timestamp":"2018-04-11T07:07:38.401Z"}
{"level":"debug","message":"synComment API - return all comments","timestamp":"2018-04-11T07:07:38.401Z"}
{"level":"debug","message":"0","timestamp":"2018-04-11T07:10:17.711Z"}
{"level":"debug","message":"[]","timestamp":"2018-04-11T07:10:17.711Z"}
{"level":"debug","message":"synComment API - return all comments","timestamp":"2018-04-11T07:10:17.712Z"}
{"message":"Parameter \"filter\" to update() must be an object, got 5acdb55d371e639824f9f117","stack":"ObjectParameterError: Parameter \"filter\" to update() must be an object, got 5acdb55d371e639824f9f117\n    at new ObjectParameterError (c:\\Users\\psachdeva\\Downloads\\hello\\hello\\node_modules\\mongoose\\lib\\error\\objectParameter.js:23:11)\n    at _update (c:\\Users\\psachdeva\\Downloads\\hello\\hello\\node_modules\\mongoose\\lib\\query.js:2963:17)\n    at model.Query.Query.update (c:\\Users\\psachdeva\\Downloads\\hello\\hello\\node_modules\\mongoose\\lib\\query.js:2772:10)\n    at _update (c:\\Users\\psachdeva\\Downloads\\hello\\hello\\node_modules\\mongoose\\lib\\model.js:2632:16)\n    at Function.update (c:\\Users\\psachdeva\\Downloads\\hello\\hello\\node_modules\\mongoose\\lib\\model.js:2536:10)\n    at Object.syncComment.saveComments (c:\\Users\\psachdeva\\Downloads\\hello\\hello\\API\\data\\syncComment.js:40:26)\n    at c:\\Users\\psachdeva\\Downloads\\hello\\hello\\API\\api\\syncComment.js:24:29\n    at Layer.handle [as handle_request] (c:\\Users\\psachdeva\\Downloads\\hello\\hello\\node_modules\\express\\lib\\router\\layer.js:95:5)\n    at next (c:\\Users\\psachdeva\\Downloads\\hello\\hello\\node_modules\\express\\lib\\router\\route.js:137:13)\n    at Route.dispatch (c:\\Users\\psachdeva\\Downloads\\hello\\hello\\node_modules\\express\\lib\\router\\route.js:112:3)\n    at Layer.handle [as handle_request] (c:\\Users\\psachdeva\\Downloads\\hello\\hello\\node_modules\\express\\lib\\router\\layer.js:95:5)\n    at c:\\Users\\psachdeva\\Downloads\\hello\\hello\\node_modules\\express\\lib\\router\\index.js:281:22\n    at Function.process_params (c:\\Users\\psachdeva\\Downloads\\hello\\hello\\node_modules\\express\\lib\\router\\index.js:335:12)\n    at next (c:\\Users\\psachdeva\\Downloads\\hello\\hello\\node_modules\\express\\lib\\router\\index.js:275:10)\n    at serveStatic (c:\\Users\\psachdeva\\Downloads\\hello\\hello\\node_modules\\serve-static\\index.js:75:16)\n    at Layer.handle [as handle_request] (c:\\Users\\psachdeva\\Downloads\\hello\\hello\\node_modules\\express\\lib\\router\\layer.js:95:5)","name":"ObjectParameterError","level":"error","timestamp":"2018-04-11T07:12:37.795Z"}
{"level":"debug","message":"","timestamp":"2018-04-11T07:12:37.795Z"}
{"message":"Parameter \"filter\" to update() must be an object, got 5acdb589371e639824f9f118","stack":"ObjectParameterError: Parameter \"filter\" to update() must be an object, got 5acdb589371e639824f9f118\n    at new ObjectParameterError (c:\\Users\\psachdeva\\Downloads\\hello\\hello\\node_modules\\mongoose\\lib\\error\\objectParameter.js:23:11)\n    at _update (c:\\Users\\psachdeva\\Downloads\\hello\\hello\\node_modules\\mongoose\\lib\\query.js:2963:17)\n    at model.Query.Query.update (c:\\Users\\psachdeva\\Downloads\\hello\\hello\\node_modules\\mongoose\\lib\\query.js:2772:10)\n    at _update (c:\\Users\\psachdeva\\Downloads\\hello\\hello\\node_modules\\mongoose\\lib\\model.js:2632:16)\n    at Function.update (c:\\Users\\psachdeva\\Downloads\\hello\\hello\\node_modules\\mongoose\\lib\\model.js:2536:10)\n    at Object.syncComment.saveComments (c:\\Users\\psachdeva\\Downloads\\hello\\hello\\API\\data\\syncComment.js:40:26)\n    at c:\\Users\\psachdeva\\Downloads\\hello\\hello\\API\\api\\syncComment.js:24:29\n    at Layer.handle [as handle_request] (c:\\Users\\psachdeva\\Downloads\\hello\\hello\\node_modules\\express\\lib\\router\\layer.js:95:5)\n    at next (c:\\Users\\psachdeva\\Downloads\\hello\\hello\\node_modules\\express\\lib\\router\\route.js:137:13)\n    at Route.dispatch (c:\\Users\\psachdeva\\Downloads\\hello\\hello\\node_modules\\express\\lib\\router\\route.js:112:3)\n    at Layer.handle [as handle_request] (c:\\Users\\psachdeva\\Downloads\\hello\\hello\\node_modules\\express\\lib\\router\\layer.js:95:5)\n    at c:\\Users\\psachdeva\\Downloads\\hello\\hello\\node_modules\\express\\lib\\router\\index.js:281:22\n    at Function.process_params (c:\\Users\\psachdeva\\Downloads\\hello\\hello\\node_modules\\express\\lib\\router\\index.js:335:12)\n    at next (c:\\Users\\psachdeva\\Downloads\\hello\\hello\\node_modules\\express\\lib\\router\\index.js:275:10)\n    at serveStatic (c:\\Users\\psachdeva\\Downloads\\hello\\hello\\node_modules\\serve-static\\index.js:75:16)\n    at Layer.handle [as handle_request] (c:\\Users\\psachdeva\\Downloads\\hello\\hello\\node_modules\\express\\lib\\router\\layer.js:95:5)","name":"ObjectParameterError","level":"error","timestamp":"2018-04-11T07:13:22.624Z"}
{"level":"debug","message":"","timestamp":"2018-04-11T07:13:22.625Z"}
{"message":"Parameter \"filter\" to update() must be an object, got 5acdb599371e639824f9f119","stack":"ObjectParameterError: Parameter \"filter\" to update() must be an object, got 5acdb599371e639824f9f119\n    at new ObjectParameterError (c:\\Users\\psachdeva\\Downloads\\hello\\hello\\node_modules\\mongoose\\lib\\error\\objectParameter.js:23:11)\n    at _update (c:\\Users\\psachdeva\\Downloads\\hello\\hello\\node_modules\\mongoose\\lib\\query.js:2963:17)\n    at model.Query.Query.update (c:\\Users\\psachdeva\\Downloads\\hello\\hello\\node_modules\\mongoose\\lib\\query.js:2772:10)\n    at _update (c:\\Users\\psachdeva\\Downloads\\hello\\hello\\node_modules\\mongoose\\lib\\model.js:2632:16)\n    at Function.update (c:\\Users\\psachdeva\\Downloads\\hello\\hello\\node_modules\\mongoose\\lib\\model.js:2536:10)\n    at Object.syncComment.saveComments (c:\\Users\\psachdeva\\Downloads\\hello\\hello\\API\\data\\syncComment.js:40:26)\n    at c:\\Users\\psachdeva\\Downloads\\hello\\hello\\API\\api\\syncComment.js:24:29\n    at Layer.handle [as handle_request] (c:\\Users\\psachdeva\\Downloads\\hello\\hello\\node_modules\\express\\lib\\router\\layer.js:95:5)\n    at next (c:\\Users\\psachdeva\\Downloads\\hello\\hello\\node_modules\\express\\lib\\router\\route.js:137:13)\n    at Route.dispatch (c:\\Users\\psachdeva\\Downloads\\hello\\hello\\node_modules\\express\\lib\\router\\route.js:112:3)\n    at Layer.handle [as handle_request] (c:\\Users\\psachdeva\\Downloads\\hello\\hello\\node_modules\\express\\lib\\router\\layer.js:95:5)\n    at c:\\Users\\psachdeva\\Downloads\\hello\\hello\\node_modules\\express\\lib\\router\\index.js:281:22\n    at Function.process_params (c:\\Users\\psachdeva\\Downloads\\hello\\hello\\node_modules\\express\\lib\\router\\index.js:335:12)\n    at next (c:\\Users\\psachdeva\\Downloads\\hello\\hello\\node_modules\\express\\lib\\router\\index.js:275:10)\n    at serveStatic (c:\\Users\\psachdeva\\Downloads\\hello\\hello\\node_modules\\serve-static\\index.js:75:16)\n    at Layer.handle [as handle_request] (c:\\Users\\psachdeva\\Downloads\\hello\\hello\\node_modules\\express\\lib\\router\\layer.js:95:5)","name":"ObjectParameterError","level":"error","timestamp":"2018-04-11T07:14:05.613Z"}
{"level":"debug","message":"","timestamp":"2018-04-11T07:14:05.614Z"}
{"level":"debug","message":"Rest Api Initialization Started..","timestamp":"2018-04-11T07:17:02.854Z"}
{"level":"debug","message":"0","timestamp":"2018-04-11T07:17:10.524Z"}
{"level":"debug","message":"[]","timestamp":"2018-04-11T07:17:10.525Z"}
{"level":"debug","message":"synComment API - return all comments","timestamp":"2018-04-11T07:17:10.525Z"}
{"level":"debug","message":"Rest Api Initialization Started..","timestamp":"2018-04-11T07:19:05.398Z"}
{"level":"debug","message":"0","timestamp":"2018-04-11T07:19:08.280Z"}
{"level":"debug","message":"[]","timestamp":"2018-04-11T07:19:08.281Z"}
{"level":"debug","message":"synComment API - return all comments","timestamp":"2018-04-11T07:19:08.281Z"}
{"level":"debug","message":"Rest Api Initialization Started..","timestamp":"2018-04-11T08:15:34.488Z"}
{"level":"debug","message":"0","timestamp":"2018-04-11T08:15:38.860Z"}
{"level":"debug","message":"[]","timestamp":"2018-04-11T08:15:38.860Z"}
{"level":"debug","message":"synComment API - return all comments","timestamp":"2018-04-11T08:15:38.860Z"}
{"level":"debug","message":"comment sync successfully","timestamp":"2018-04-11T08:15:46.836Z"}
{"level":"debug","message":"syncComment API - sync comment","timestamp":"2018-04-11T08:15:46.836Z"}
{"level":"debug","message":"comment sync successfully","timestamp":"2018-04-11T08:16:02.450Z"}
{"level":"debug","message":"syncComment API - sync comment","timestamp":"2018-04-11T08:16:02.450Z"}
{"level":"debug","message":"Rest Api Initialization Started..","timestamp":"2018-04-11T08:19:02.789Z"}
{"level":"debug","message":"0","timestamp":"2018-04-11T08:19:15.573Z"}
{"level":"debug","message":"[]","timestamp":"2018-04-11T08:19:15.573Z"}
{"level":"debug","message":"synComment API - return all comments","timestamp":"2018-04-11T08:19:15.573Z"}
{"level":"debug","message":"Rest Api Initialization Started..","timestamp":"2018-04-11T08:22:41.555Z"}
{"level":"debug","message":"0","timestamp":"2018-04-11T08:22:51.542Z"}
{"level":"debug","message":"[]","timestamp":"2018-04-11T08:22:51.542Z"}
{"level":"debug","message":"synComment API - return all comments","timestamp":"2018-04-11T08:22:51.543Z"}
{"level":"debug","message":"comment sync successfully","timestamp":"2018-04-11T08:23:09.627Z"}
{"level":"debug","message":"syncComment API - sync comment","timestamp":"2018-04-11T08:23:13.098Z"}
{"level":"debug","message":"comment sync successfully","timestamp":"2018-04-11T08:23:38.818Z"}
{"level":"debug","message":"syncComment API - sync comment","timestamp":"2018-04-11T08:23:38.819Z"}
{"level":"debug","message":"Rest Api Initialization Started..","timestamp":"2018-04-11T08:31:52.322Z"}
{"level":"debug","message":"0","timestamp":"2018-04-11T08:31:58.533Z"}
{"level":"debug","message":"[]","timestamp":"2018-04-11T08:31:58.533Z"}
{"level":"debug","message":"synComment API - return all comments","timestamp":"2018-04-11T08:31:58.533Z"}
{"level":"debug","message":"comment sync successfully","timestamp":"2018-04-11T08:32:16.637Z"}
{"level":"debug","message":"syncComment API - sync comment","timestamp":"2018-04-11T08:32:16.637Z"}
{"level":"debug","message":"comment sync successfully","timestamp":"2018-04-11T08:32:31.278Z"}
{"level":"debug","message":"syncComment API - sync comment","timestamp":"2018-04-11T08:32:31.278Z"}
{"level":"debug","message":"Rest Api Initialization Started..","timestamp":"2018-04-11T08:35:26.744Z"}
{"level":"debug","message":"2","timestamp":"2018-04-11T08:35:29.477Z"}
{"level":"debug","message":"[{\"created_on\":\"2018-04-11T08:35:24.859Z\",\"modified_on\":\"2018-04-11T08:35:24.859Z\",\"_id\":\"5acdc802a2c4da0a41388c3d\",\"__v\":0,\"comment\":\"undefined fgf fg \"},{\"created_on\":\"2018-04-11T08:35:24.859Z\",\"modified_on\":\"2018-04-11T08:35:24.859Z\",\"_id\":\"5acdc81ca2c4da0a41388c3e\",\"__v\":0,\"comment\":\"undefined fgf fg vef dvf \"}]","timestamp":"2018-04-11T08:35:29.478Z"}
{"level":"debug","message":"synComment API - return all comments","timestamp":"2018-04-11T08:35:29.478Z"}
{"level":"debug","message":"comment sync successfully","timestamp":"2018-04-11T08:35:37.715Z"}
{"level":"debug","message":"syncComment API - sync comment","timestamp":"2018-04-11T08:35:37.715Z"}
{"level":"debug","message":"comment sync successfully","timestamp":"2018-04-11T08:35:54.690Z"}
{"level":"debug","message":"syncComment API - sync comment","timestamp":"2018-04-11T08:35:54.691Z"}
{"level":"debug","message":"Rest Api Initialization Started..","timestamp":"2018-04-11T08:37:25.180Z"}
{"level":"debug","message":"4","timestamp":"2018-04-11T08:37:35.335Z"}
{"level":"debug","message":"[{\"created_on\":\"2018-04-11T08:37:21.658Z\",\"modified_on\":\"2018-04-11T08:37:21.658Z\",\"_id\":\"5acdc802a2c4da0a41388c3d\",\"__v\":0,\"comment\":\"undefined fgf fg \"},{\"created_on\":\"2018-04-11T08:37:21.658Z\",\"modified_on\":\"2018-04-11T08:37:21.658Z\",\"_id\":\"5acdc81ca2c4da0a41388c3e\",\"__v\":0,\"comment\":\"undefined fgf fg vef dvf \"},{\"created_on\":\"2018-04-11T08:37:21.658Z\",\"modified_on\":\"2018-04-11T08:35:34.735Z\",\"_id\":\"5acdc8d88672c4d048b7a81d\",\"comment\":\"undefinedvdf dfd \",\"__v\":0},{\"created_on\":\"2018-04-11T08:37:21.658Z\",\"modified_on\":\"2018-04-11T08:35:51.719Z\",\"_id\":\"5acdc8e98672c4d048b7a81e\",\"comment\":\"undefinedvdf dfd  dvfd dvf \",\"__v\":0}]","timestamp":"2018-04-11T08:37:35.337Z"}
{"level":"debug","message":"synComment API - return all comments","timestamp":"2018-04-11T08:37:35.338Z"}
{"level":"debug","message":"comment sync successfully","timestamp":"2018-04-11T08:37:45.977Z"}
{"level":"debug","message":"syncComment API - sync comment","timestamp":"2018-04-11T08:37:45.978Z"}
{"level":"debug","message":"0","timestamp":"2018-04-11T08:38:04.757Z"}
{"level":"debug","message":"[]","timestamp":"2018-04-11T08:38:04.758Z"}
{"level":"debug","message":"synComment API - return all comments","timestamp":"2018-04-11T08:38:04.758Z"}
{"level":"debug","message":"comment sync successfully","timestamp":"2018-04-11T08:38:25.130Z"}
{"level":"debug","message":"syncComment API - sync comment","timestamp":"2018-04-11T08:38:25.130Z"}
{"level":"debug","message":"Rest Api Initialization Started..","timestamp":"2018-04-11T08:48:42.698Z"}
{"level":"debug","message":"1","timestamp":"2018-04-11T08:48:45.602Z"}
{"level":"debug","message":"[{\"created_on\":\"2018-04-11T08:48:39.370Z\",\"modified_on\":\"2018-04-11T08:38:09.716Z\",\"_id\":\"5acdc97f8672c4d048b7a820\",\"comment\":\"undefined dfd \",\"__v\":0}]","timestamp":"2018-04-11T08:48:45.604Z"}
{"level":"debug","message":"synComment API - return all comments","timestamp":"2018-04-11T08:48:45.605Z"}
{"level":"debug","message":"1","timestamp":"2018-04-11T08:49:37.537Z"}
{"level":"debug","message":"[{\"created_on\":\"2018-04-11T08:48:39.370Z\",\"modified_on\":\"2018-04-11T08:38:09.716Z\",\"_id\":\"5acdc97f8672c4d048b7a820\",\"comment\":\"undefined dfd \",\"__v\":0}]","timestamp":"2018-04-11T08:49:37.537Z"}
{"level":"debug","message":"synComment API - return all comments","timestamp":"2018-04-11T08:49:37.537Z"}
{"level":"debug","message":"comment sync successfully","timestamp":"2018-04-11T08:50:00.774Z"}
{"level":"debug","message":"syncComment API - sync comment","timestamp":"2018-04-11T08:50:01.354Z"}
{"level":"debug","message":"Rest Api Initialization Started..","timestamp":"2018-04-11T08:56:22.904Z"}
{"level":"debug","message":"1","timestamp":"2018-04-11T08:57:16.587Z"}
{"level":"debug","message":"[{\"created_on\":\"2018-04-11T08:56:22.894Z\",\"modified_on\":\"2018-04-11T08:49:51.366Z\",\"_id\":\"5acdc97f8672c4d048b7a820\",\"comment\":\"undefined df \",\"__v\":0}]","timestamp":"2018-04-11T08:57:16.589Z"}
{"level":"debug","message":"synComment API - return all comments","timestamp":"2018-04-11T08:57:16.590Z"}
{"level":"debug","message":"Rest Api Initialization Started..","timestamp":"2018-04-12T05:04:44.432Z"}
{"level":"debug","message":"1","timestamp":"2018-04-12T05:05:01.732Z"}
{"level":"debug","message":"[{\"created_on\":\"2018-04-12T05:04:44.422Z\",\"modified_on\":\"2018-04-11T08:49:51.366Z\",\"_id\":\"5acdc97f8672c4d048b7a820\",\"comment\":\"undefined df \",\"__v\":0}]","timestamp":"2018-04-12T05:05:01.733Z"}
{"level":"debug","message":"synComment API - return all comments","timestamp":"2018-04-12T05:05:01.733Z"}
{"level":"debug","message":"Rest Api Initialization Started..","timestamp":"2018-04-12T05:05:40.655Z"}
{"level":"debug","message":"1","timestamp":"2018-04-12T05:05:45.593Z"}
{"level":"debug","message":"[{\"created_on\":\"2018-04-12T05:05:40.648Z\",\"modified_on\":\"2018-04-11T08:49:51.366Z\",\"_id\":\"5acdc97f8672c4d048b7a820\",\"comment\":\"undefined df \",\"__v\":0}]","timestamp":"2018-04-12T05:05:45.594Z"}
{"level":"debug","message":"synComment API - return all comments","timestamp":"2018-04-12T05:05:45.594Z"}
{"level":"debug","message":"Rest Api Initialization Started..","timestamp":"2018-04-12T05:06:15.298Z"}
{"level":"debug","message":"1","timestamp":"2018-04-12T05:06:17.679Z"}
{"level":"debug","message":"[{\"created_on\":\"2018-04-12T05:06:15.291Z\",\"modified_on\":\"2018-04-11T08:49:51.366Z\",\"_id\":\"5acdc97f8672c4d048b7a820\",\"comment\":\"undefined df \",\"__v\":0}]","timestamp":"2018-04-12T05:06:17.680Z"}
{"level":"debug","message":"synComment API - return all comments","timestamp":"2018-04-12T05:06:17.680Z"}
{"level":"debug","message":"comment sync successfully","timestamp":"2018-04-12T05:06:26.592Z"}
{"level":"debug","message":"syncComment API - sync comment","timestamp":"2018-04-12T05:06:33.637Z"}
{"level":"debug","message":"Rest Api Initialization Started..","timestamp":"2018-04-12T05:07:08.139Z"}
{"level":"debug","message":"2","timestamp":"2018-04-12T05:07:09.983Z"}
{"level":"debug","message":"[{\"created_on\":\"2018-04-12T05:07:05.934Z\",\"modified_on\":\"2018-04-11T08:49:51.366Z\",\"_id\":\"5acdc97f8672c4d048b7a820\",\"comment\":\"undefined df \",\"__v\":0},{\"created_on\":\"2018-04-12T05:07:05.934Z\",\"modified_on\":\"2018-04-12T05:06:21.982Z\",\"_id\":null,\"__v\":0,\"comment\":\"undefinedfd dfd \"}]","timestamp":"2018-04-12T05:07:09.985Z"}
{"level":"debug","message":"synComment API - return all comments","timestamp":"2018-04-12T05:07:09.985Z"}
{"level":"debug","message":"comment sync successfully","timestamp":"2018-04-12T05:07:26.860Z"}
{"level":"debug","message":"syncComment API - sync comment","timestamp":"2018-04-12T05:07:28.232Z"}
{"level":"debug","message":"comment sync successfully","timestamp":"2018-04-12T05:07:51.552Z"}
{"level":"debug","message":"syncComment API - sync comment","timestamp":"2018-04-12T05:07:52.697Z"}
{"level":"debug","message":"Rest Api Initialization Started..","timestamp":"2018-04-12T05:09:40.755Z"}
{"level":"debug","message":"0","timestamp":"2018-04-12T05:09:41.785Z"}
{"level":"debug","message":"[]","timestamp":"2018-04-12T05:09:41.785Z"}
{"level":"debug","message":"synComment API - return all comments","timestamp":"2018-04-12T05:09:41.785Z"}
{"message":"Cast to ObjectId failed for value \"0\" at path \"_id\" for model \"syncComment\"","stack":"CastError: Cast to ObjectId failed for value \"0\" at path \"_id\" for model \"syncComment\"\n    at new CastError (c:\\Users\\psachdeva\\Downloads\\hello\\hello\\node_modules\\mongoose\\lib\\error\\cast.js:27:11)\n    at ObjectId.cast (c:\\Users\\psachdeva\\Downloads\\hello\\hello\\node_modules\\mongoose\\lib\\schema\\objectid.js:158:13)\n    at ObjectId.SchemaType.applySetters (c:\\Users\\psachdeva\\Downloads\\hello\\hello\\node_modules\\mongoose\\lib\\schematype.js:724:12)\n    at ObjectId.SchemaType._castForQuery (c:\\Users\\psachdeva\\Downloads\\hello\\hello\\node_modules\\mongoose\\lib\\schematype.js:1095:15)\n    at ObjectId.castForQuery (c:\\Users\\psachdeva\\Downloads\\hello\\hello\\node_modules\\mongoose\\lib\\schema\\objectid.js:198:15)\n    at ObjectId.SchemaType.castForQueryWrapper (c:\\Users\\psachdeva\\Downloads\\hello\\hello\\node_modules\\mongoose\\lib\\schematype.js:1064:15)\n    at cast (c:\\Users\\psachdeva\\Downloads\\hello\\hello\\node_modules\\mongoose\\lib\\cast.js:300:32)\n    at model.Query.Query.cast (c:\\Users\\psachdeva\\Downloads\\hello\\hello\\node_modules\\mongoose\\lib\\query.js:3210:12)\n    at model.Query.Query._castConditions (c:\\Users\\psachdeva\\Downloads\\hello\\hello\\node_modules\\mongoose\\lib\\query.js:1280:10)\n    at model.Query._updateThunk (c:\\Users\\psachdeva\\Downloads\\hello\\hello\\node_modules\\mongoose\\lib\\query.js:2543:8)\n    at model.Query.Query._execUpdate (c:\\Users\\psachdeva\\Downloads\\hello\\hello\\node_modules\\mongoose\\lib\\query.js:2619:23)\n    at process.nextTick (c:\\Users\\psachdeva\\Downloads\\hello\\hello\\node_modules\\kareem\\index.js:311:33)\n    at _combinedTickCallback (internal/process/next_tick.js:131:7)\n    at process._tickCallback (internal/process/next_tick.js:180:9)","name":"CastError","stringValue":"\"0\"","kind":"ObjectId","value":0,"path":"_id","level":"error","timestamp":"2018-04-12T05:09:51.998Z"}
{"level":"debug","message":"","timestamp":"2018-04-12T05:09:51.999Z"}
{"level":"debug","message":"Rest Api Initialization Started..","timestamp":"2018-04-12T05:10:44.195Z"}
{"level":"debug","message":"0","timestamp":"2018-04-12T05:10:45.224Z"}
{"level":"debug","message":"[]","timestamp":"2018-04-12T05:10:45.225Z"}
{"level":"debug","message":"synComment API - return all comments","timestamp":"2018-04-12T05:10:45.225Z"}
{"message":"Cast to ObjectId failed for value \"0\" at path \"_id\" for model \"syncComment\"","stack":"CastError: Cast to ObjectId failed for value \"0\" at path \"_id\" for model \"syncComment\"\n    at new CastError (c:\\Users\\psachdeva\\Downloads\\hello\\hello\\node_modules\\mongoose\\lib\\error\\cast.js:27:11)\n    at ObjectId.cast (c:\\Users\\psachdeva\\Downloads\\hello\\hello\\node_modules\\mongoose\\lib\\schema\\objectid.js:158:13)\n    at ObjectId.SchemaType.applySetters (c:\\Users\\psachdeva\\Downloads\\hello\\hello\\node_modules\\mongoose\\lib\\schematype.js:724:12)\n    at ObjectId.SchemaType._castForQuery (c:\\Users\\psachdeva\\Downloads\\hello\\hello\\node_modules\\mongoose\\lib\\schematype.js:1095:15)\n    at ObjectId.castForQuery (c:\\Users\\psachdeva\\Downloads\\hello\\hello\\node_modules\\mongoose\\lib\\schema\\objectid.js:198:15)\n    at ObjectId.SchemaType.castForQueryWrapper (c:\\Users\\psachdeva\\Downloads\\hello\\hello\\node_modules\\mongoose\\lib\\schematype.js:1064:15)\n    at cast (c:\\Users\\psachdeva\\Downloads\\hello\\hello\\node_modules\\mongoose\\lib\\cast.js:300:32)\n    at model.Query.Query.cast (c:\\Users\\psachdeva\\Downloads\\hello\\hello\\node_modules\\mongoose\\lib\\query.js:3210:12)\n    at model.Query.Query._castConditions (c:\\Users\\psachdeva\\Downloads\\hello\\hello\\node_modules\\mongoose\\lib\\query.js:1280:10)\n    at model.Query._updateThunk (c:\\Users\\psachdeva\\Downloads\\hello\\hello\\node_modules\\mongoose\\lib\\query.js:2543:8)\n    at model.Query.Query._execUpdate (c:\\Users\\psachdeva\\Downloads\\hello\\hello\\node_modules\\mongoose\\lib\\query.js:2619:23)\n    at process.nextTick (c:\\Users\\psachdeva\\Downloads\\hello\\hello\\node_modules\\kareem\\index.js:311:33)\n    at _combinedTickCallback (internal/process/next_tick.js:131:7)\n    at process._tickCallback (internal/process/next_tick.js:180:9)","name":"CastError","stringValue":"\"0\"","kind":"ObjectId","value":0,"path":"_id","level":"error","timestamp":"2018-04-12T05:10:54.104Z"}
{"level":"debug","message":"Rest Api Initialization Started..","timestamp":"2018-04-12T05:17:54.760Z"}
{"level":"debug","message":"Rest Api Initialization Started..","timestamp":"2018-04-12T05:18:34.886Z"}
{"level":"debug","message":"0","timestamp":"2018-04-12T05:18:39.769Z"}
{"level":"debug","message":"[]","timestamp":"2018-04-12T05:18:39.769Z"}
{"level":"debug","message":"synComment API - return all comments","timestamp":"2018-04-12T05:18:39.769Z"}
{"level":"debug","message":"Rest Api Initialization Started..","timestamp":"2018-04-12T05:20:44.469Z"}
{"level":"debug","message":"0","timestamp":"2018-04-12T05:20:45.515Z"}
{"level":"debug","message":"[]","timestamp":"2018-04-12T05:20:45.515Z"}
{"level":"debug","message":"synComment API - return all comments","timestamp":"2018-04-12T05:20:45.515Z"}
{"level":"debug","message":"syncComment API - sync comment","timestamp":"2018-04-12T06:03:43.775Z"}
{"level":"debug","message":"comment sync successfully","timestamp":"2018-04-12T06:03:50.010Z"}
{"level":"debug","message":"syncComment API - sync comment","timestamp":"2018-04-12T06:03:50.010Z"}
{"level":"debug","message":"Rest Api Initialization Started..","timestamp":"2018-04-12T06:04:36.346Z"}
{"level":"debug","message":"0","timestamp":"2018-04-12T06:05:43.842Z"}
{"level":"debug","message":"[]","timestamp":"2018-04-12T06:05:43.843Z"}
{"level":"debug","message":"synComment API - return all comments","timestamp":"2018-04-12T06:05:43.843Z"}
{"level":"debug","message":"0","timestamp":"2018-04-12T06:05:43.942Z"}
{"level":"debug","message":"[]","timestamp":"2018-04-12T06:05:43.942Z"}
{"level":"debug","message":"synComment API - return all comments","timestamp":"2018-04-12T06:05:43.942Z"}
{"level":"error","message":"comment saved successfully","timestamp":"2018-04-12T06:05:53.965Z"}
{"level":"debug","message":"Rest Api Initialization Started..","timestamp":"2018-04-12T06:06:42.595Z"}
{"level":"debug","message":"1","timestamp":"2018-04-12T06:06:51.265Z"}
{"level":"debug","message":"[{\"created_on\":\"2018-04-12T06:04:36.334Z\",\"modified_on\":\"2018-04-12T06:05:47.527Z\",\"_id\":\"5acef73bcad1a76711b35335\",\"comment\":\"undefined df \",\"__v\":0}]","timestamp":"2018-04-12T06:06:51.266Z"}
{"level":"debug","message":"synComment API - return all comments","timestamp":"2018-04-12T06:06:51.266Z"}
{"level":"debug","message":"Rest Api Initialization Started..","timestamp":"2018-04-12T06:07:48.908Z"}
{"level":"debug","message":"1","timestamp":"2018-04-12T06:08:11.740Z"}
{"level":"debug","message":"[{\"created_on\":\"2018-04-12T06:04:36.334Z\",\"modified_on\":\"2018-04-12T06:05:47.527Z\",\"_id\":\"5acef73bcad1a76711b35335\",\"comment\":\"undefined df \",\"__v\":0}]","timestamp":"2018-04-12T06:08:11.741Z"}
{"level":"debug","message":"synComment API - return all comments","timestamp":"2018-04-12T06:08:11.741Z"}
{"level":"debug","message":"comment sync successfully","timestamp":"2018-04-12T06:08:24.822Z"}
{"level":"debug","message":"syncComment API - sync comment","timestamp":"2018-04-12T06:08:24.822Z"}
{"level":"debug","message":"Rest Api Initialization Started..","timestamp":"2018-04-12T06:08:54.941Z"}
{"level":"debug","message":"1","timestamp":"2018-04-12T06:11:33.863Z"}
{"level":"debug","message":"[{\"created_on\":\"2018-04-12T06:04:36.334Z\",\"modified_on\":\"2018-04-12T06:05:47.527Z\",\"_id\":\"5acef73bcad1a76711b35335\",\"comment\":\"undefined df \",\"__v\":0}]","timestamp":"2018-04-12T06:11:33.863Z"}
{"level":"debug","message":"synComment API - return all comments","timestamp":"2018-04-12T06:11:33.864Z"}
{"level":"debug","message":"comment sync successfully","timestamp":"2018-04-12T06:11:43.696Z"}
{"level":"debug","message":"syncComment API - sync comment","timestamp":"2018-04-12T06:11:43.696Z"}
{"level":"debug","message":"1","timestamp":"2018-04-12T06:11:58.390Z"}
{"level":"debug","message":"[{\"created_on\":\"2018-04-12T06:04:36.334Z\",\"modified_on\":\"2018-04-12T06:05:47.527Z\",\"_id\":\"5acef73bcad1a76711b35335\",\"comment\":\"undefined df \",\"__v\":0}]","timestamp":"2018-04-12T06:11:58.390Z"}
{"level":"debug","message":"synComment API - return all comments","timestamp":"2018-04-12T06:11:58.390Z"}
{"level":"debug","message":"comment sync successfully","timestamp":"2018-04-12T06:12:52.509Z"}
{"level":"debug","message":"syncComment API - sync comment","timestamp":"2018-04-12T06:13:28.672Z"}
{"level":"debug","message":"Rest Api Initialization Started..","timestamp":"2018-04-12T06:19:07.797Z"}
{"level":"debug","message":"1","timestamp":"2018-04-12T06:19:12.539Z"}
{"level":"debug","message":"[{\"created_on\":\"2018-04-12T06:04:36.334Z\",\"modified_on\":\"2018-04-12T06:05:47.527Z\",\"_id\":\"5acef73bcad1a76711b35335\",\"comment\":\"undefined df \",\"__v\":0}]","timestamp":"2018-04-12T06:19:12.540Z"}
{"level":"debug","message":"synComment API - return all comments","timestamp":"2018-04-12T06:19:12.540Z"}
{"level":"debug","message":"comment sync successfully","timestamp":"2018-04-12T06:19:27.951Z"}
{"level":"debug","message":"syncComment API - sync comment","timestamp":"2018-04-12T06:19:27.951Z"}
{"level":"debug","message":"Rest Api Initialization Started..","timestamp":"2018-04-12T06:20:07.722Z"}
{"level":"debug","message":"1","timestamp":"2018-04-12T06:20:12.097Z"}
{"level":"debug","message":"[{\"created_on\":\"2018-04-12T06:04:36.334Z\",\"modified_on\":\"2018-04-12T06:05:47.527Z\",\"_id\":\"5acef73bcad1a76711b35335\",\"comment\":\"undefined df \",\"__v\":0}]","timestamp":"2018-04-12T06:20:12.098Z"}
{"level":"debug","message":"synComment API - return all comments","timestamp":"2018-04-12T06:20:12.098Z"}
{"level":"debug","message":"Rest Api Initialization Started..","timestamp":"2018-04-12T06:28:17.473Z"}
{"level":"debug","message":"1","timestamp":"2018-04-12T06:40:17.495Z"}
{"level":"debug","message":"[{\"created_on\":\"2018-04-12T06:04:36.334Z\",\"modified_on\":\"2018-04-12T06:05:47.527Z\",\"_id\":\"5acef73bcad1a76711b35335\",\"comment\":\"undefined df \",\"__v\":0}]","timestamp":"2018-04-12T06:40:17.496Z"}
{"level":"debug","message":"synComment API - return all comments","timestamp":"2018-04-12T06:40:17.496Z"}
{"level":"debug","message":"Rest Api Initialization Started..","timestamp":"2018-04-12T06:41:38.148Z"}
{"level":"debug","message":"1","timestamp":"2018-04-12T06:44:40.968Z"}
{"level":"debug","message":"[{\"created_on\":\"2018-04-12T06:04:36.334Z\",\"modified_on\":\"2018-04-12T06:05:47.527Z\",\"_id\":\"5acef73bcad1a76711b35335\",\"comment\":\"undefined df \",\"__v\":0}]","timestamp":"2018-04-12T06:44:40.969Z"}
{"level":"debug","message":"synComment API - return all comments","timestamp":"2018-04-12T06:44:40.969Z"}
{"level":"debug","message":"Rest Api Initialization Started..","timestamp":"2018-04-12T06:47:12.773Z"}
{"level":"debug","message":"1","timestamp":"2018-04-12T06:47:20.463Z"}
{"level":"debug","message":"[{\"created_on\":\"2018-04-12T06:04:36.334Z\",\"modified_on\":\"2018-04-12T06:05:47.527Z\",\"_id\":\"5acef73bcad1a76711b35335\",\"comment\":\"undefined df \",\"__v\":0}]","timestamp":"2018-04-12T06:47:20.464Z"}
{"level":"debug","message":"synComment API - return all comments","timestamp":"2018-04-12T06:47:20.464Z"}
{"level":"debug","message":"1","timestamp":"2018-04-12T09:43:09.336Z"}
{"level":"debug","message":"[{\"created_on\":\"2018-04-12T06:04:36.334Z\",\"modified_on\":\"2018-04-12T06:05:47.527Z\",\"_id\":\"5acef73bcad1a76711b35335\",\"comment\":\"undefined df \",\"__v\":0}]","timestamp":"2018-04-12T09:43:09.336Z"}
{"level":"debug","message":"synComment API - return all comments","timestamp":"2018-04-12T09:43:09.337Z"}
{"level":"error","message":"comment saved successfully","timestamp":"2018-04-12T09:45:48.197Z"}
{"level":"debug","message":"1","timestamp":"2018-04-12T09:56:45.124Z"}
{"level":"debug","message":"[{\"created_on\":\"2018-04-12T06:47:12.764Z\",\"modified_on\":\"2018-04-12T09:45:43.755Z\",\"_id\":\"5acf2ac73e97f163215272fe\",\"comment\":\"undefined hello fg dfd \",\"__v\":0}]","timestamp":"2018-04-12T09:56:45.125Z"}
{"level":"debug","message":"synComment API - return all comments","timestamp":"2018-04-12T09:56:45.125Z"}
{"level":"debug","message":"Rest Api Initialization Started..","timestamp":"2018-04-12T09:59:31.073Z"}
{"level":"debug","message":"1","timestamp":"2018-04-12T09:59:33.253Z"}
{"level":"debug","message":"[{\"created_on\":\"2018-04-12T06:47:12.764Z\",\"modified_on\":\"2018-04-12T09:45:43.755Z\",\"_id\":\"5acf2ac73e97f163215272fe\",\"comment\":\"undefined hello fg dfd \",\"__v\":0}]","timestamp":"2018-04-12T09:59:33.254Z"}
{"level":"debug","message":"synComment API - return all comments","timestamp":"2018-04-12T09:59:33.254Z"}
{"level":"debug","message":"Rest Api Initialization Started..","timestamp":"2018-04-12T10:00:37.438Z"}
{"level":"debug","message":"1","timestamp":"2018-04-12T10:00:40.875Z"}
{"level":"debug","message":"[{\"created_on\":\"2018-04-12T06:47:12.764Z\",\"modified_on\":\"2018-04-12T09:45:43.755Z\",\"_id\":\"5acf2ac73e97f163215272fe\",\"comment\":\"undefined hello fg dfd \",\"__v\":0}]","timestamp":"2018-04-12T10:00:40.877Z"}
{"level":"debug","message":"synComment API - return all comments","timestamp":"2018-04-12T10:00:40.877Z"}
{"level":"debug","message":"Rest Api Initialization Started..","timestamp":"2018-04-12T10:01:20.599Z"}
{"level":"debug","message":"1","timestamp":"2018-04-12T10:01:23.851Z"}
{"level":"debug","message":"[{\"created_on\":\"2018-04-12T06:47:12.764Z\",\"modified_on\":\"2018-04-12T09:45:43.755Z\",\"_id\":\"5acf2ac73e97f163215272fe\",\"comment\":\"undefined hello fg dfd \",\"__v\":0}]","timestamp":"2018-04-12T10:01:23.852Z"}
{"level":"debug","message":"synComment API - return all comments","timestamp":"2018-04-12T10:01:23.852Z"}
{"level":"debug","message":"comment sync successfully","timestamp":"2018-04-12T10:01:37.841Z"}
{"level":"debug","message":"syncComment API - sync comment","timestamp":"2018-04-12T10:01:37.842Z"}
{"level":"debug","message":"1","timestamp":"2018-04-12T10:02:07.979Z"}
{"level":"debug","message":"[{\"created_on\":\"2018-04-12T06:47:12.764Z\",\"modified_on\":\"2018-04-12T10:01:27.762Z\",\"_id\":\"5acf2ac73e97f163215272fe\",\"comment\":\"undefined fg \",\"__v\":0}]","timestamp":"2018-04-12T10:02:07.980Z"}
{"level":"debug","message":"synComment API - return all comments","timestamp":"2018-04-12T10:02:07.980Z"}
{"level":"debug","message":"1","timestamp":"2018-04-12T10:02:15.421Z"}
{"level":"debug","message":"[{\"created_on\":\"2018-04-12T06:47:12.764Z\",\"modified_on\":\"2018-04-12T10:01:27.762Z\",\"_id\":\"5acf2ac73e97f163215272fe\",\"comment\":\"undefined fg \",\"__v\":0}]","timestamp":"2018-04-12T10:02:15.421Z"}
{"level":"debug","message":"synComment API - return all comments","timestamp":"2018-04-12T10:02:15.421Z"}
{"level":"debug","message":"Rest Api Initialization Started..","timestamp":"2018-04-12T10:03:33.605Z"}
{"level":"debug","message":"1","timestamp":"2018-04-12T10:03:43.441Z"}
{"level":"debug","message":"[{\"created_on\":\"2018-04-12T06:47:12.764Z\",\"modified_on\":\"2018-04-12T10:01:27.762Z\",\"_id\":\"5acf2ac73e97f163215272fe\",\"comment\":\"undefined fg \",\"__v\":0}]","timestamp":"2018-04-12T10:03:43.442Z"}
{"level":"debug","message":"synComment API - return all comments","timestamp":"2018-04-12T10:03:43.442Z"}
{"level":"debug","message":"0","timestamp":"2018-04-12T10:04:03.019Z"}
{"level":"debug","message":"[]","timestamp":"2018-04-12T10:04:03.019Z"}
{"level":"debug","message":"synComment API - return all comments","timestamp":"2018-04-12T10:04:03.020Z"}
{"level":"error","message":"comment saved successfully","timestamp":"2018-04-12T10:04:15.884Z"}
{"level":"debug","message":"1","timestamp":"2018-04-12T10:04:19.784Z"}
{"level":"debug","message":"[{\"created_on\":\"2018-04-12T10:03:33.594Z\",\"modified_on\":\"2018-04-12T10:04:08.767Z\",\"_id\":\"5acf2f18028dfc519d2e0f9f\",\"comment\":\"hello \",\"__v\":0}]","timestamp":"2018-04-12T10:04:19.784Z"}
{"level":"debug","message":"synComment API - return all comments","timestamp":"2018-04-12T10:04:19.784Z"}
{"level":"debug","message":"1","timestamp":"2018-04-12T10:04:24.734Z"}
{"level":"debug","message":"[{\"created_on\":\"2018-04-12T10:03:33.594Z\",\"modified_on\":\"2018-04-12T10:04:08.767Z\",\"_id\":\"5acf2f18028dfc519d2e0f9f\",\"comment\":\"hello \",\"__v\":0}]","timestamp":"2018-04-12T10:04:24.734Z"}
{"level":"debug","message":"synComment API - return all comments","timestamp":"2018-04-12T10:04:24.735Z"}
{"level":"debug","message":"Rest Api Initialization Started..","timestamp":"2018-04-12T10:34:03.744Z"}
{"level":"debug","message":"1","timestamp":"2018-04-12T10:34:06.616Z"}
{"level":"debug","message":"[{\"created_on\":\"2018-04-12T10:03:33.594Z\",\"modified_on\":\"2018-04-12T10:04:08.767Z\",\"_id\":\"5acf2f18028dfc519d2e0f9f\",\"comment\":\"hello \",\"__v\":0}]","timestamp":"2018-04-12T10:34:06.617Z"}
{"level":"debug","message":"synComment API - return all comments","timestamp":"2018-04-12T10:34:06.617Z"}
{"level":"debug","message":"Rest Api Initialization Started..","timestamp":"2018-04-12T10:36:11.779Z"}
{"level":"debug","message":"1","timestamp":"2018-04-12T10:36:12.991Z"}
{"level":"debug","message":"[{\"created_on\":\"2018-04-12T10:03:33.594Z\",\"modified_on\":\"2018-04-12T10:04:08.767Z\",\"_id\":\"5acf2f18028dfc519d2e0f9f\",\"comment\":\"hello \",\"__v\":0}]","timestamp":"2018-04-12T10:36:12.992Z"}
{"level":"debug","message":"synComment API - return all comments","timestamp":"2018-04-12T10:36:12.992Z"}
{"level":"debug","message":"comment sync successfully","timestamp":"2018-04-12T10:36:35.596Z"}
{"level":"debug","message":"syncComment API - sync comment","timestamp":"2018-04-12T10:36:35.596Z"}
{"level":"debug","message":"1","timestamp":"2018-04-12T10:36:46.381Z"}
{"level":"debug","message":"[{\"created_on\":\"2018-04-12T10:03:33.594Z\",\"modified_on\":\"2018-04-12T10:36:17.736Z\",\"_id\":\"5acf2f18028dfc519d2e0f9f\",\"comment\":\"0,hello ,1,ram\",\"__v\":0}]","timestamp":"2018-04-12T10:36:46.381Z"}
{"level":"debug","message":"synComment API - return all comments","timestamp":"2018-04-12T10:36:46.381Z"}
{"level":"debug","message":"Rest Api Initialization Started..","timestamp":"2018-04-12T10:42:59.814Z"}
{"level":"debug","message":"1","timestamp":"2018-04-12T10:43:00.852Z"}
{"level":"debug","message":"[{\"created_on\":\"2018-04-12T10:03:33.594Z\",\"modified_on\":\"2018-04-12T10:36:17.736Z\",\"_id\":\"5acf2f18028dfc519d2e0f9f\",\"comment\":\"0,hello ,1,ram\",\"__v\":0}]","timestamp":"2018-04-12T10:43:00.853Z"}
{"level":"debug","message":"synComment API - return all comments","timestamp":"2018-04-12T10:43:00.853Z"}
{"level":"debug","message":"comment sync successfully","timestamp":"2018-04-12T10:43:44.977Z"}
{"level":"debug","message":"syncComment API - sync comment","timestamp":"2018-04-12T10:43:44.978Z"}
{"level":"debug","message":"Rest Api Initialization Started..","timestamp":"2018-04-12T10:51:32.831Z"}
{"level":"debug","message":"1","timestamp":"2018-04-12T10:51:33.869Z"}
{"level":"debug","message":"[{\"created_on\":\"2018-04-12T10:03:33.594Z\",\"modified_on\":\"2018-04-12T10:43:07.735Z\",\"_id\":\"5acf2f18028dfc519d2e0f9f\",\"comment\":\"-1,0,,0,hello ,-1,,1,,0,ram,1, \",\"__v\":0}]","timestamp":"2018-04-12T10:51:33.870Z"}
{"level":"debug","message":"synComment API - return all comments","timestamp":"2018-04-12T10:51:33.870Z"}
{"level":"debug","message":"comment sync successfully","timestamp":"2018-04-12T10:52:15.386Z"}
{"level":"debug","message":"syncComment API - sync comment","timestamp":"2018-04-12T10:52:15.386Z"}
{"level":"debug","message":"1","timestamp":"2018-04-12T10:52:18.388Z"}
{"level":"debug","message":"[{\"created_on\":\"2018-04-12T10:03:33.594Z\",\"modified_on\":\"2018-04-12T10:51:39.699Z\",\"_id\":\"5acf2f18028dfc519d2e0f9f\",\"comment\":\"-1,-1,0,,0,hello ,-1,,1,,0,ram,1, ,1,hello ram\",\"__v\":0}]","timestamp":"2018-04-12T10:52:18.388Z"}
{"level":"debug","message":"synComment API - return all comments","timestamp":"2018-04-12T10:52:18.389Z"}
{"level":"debug","message":"Rest Api Initialization Started..","timestamp":"2018-04-12T10:52:52.414Z"}
{"level":"debug","message":"1","timestamp":"2018-04-12T10:52:54.493Z"}
{"level":"debug","message":"[{\"created_on\":\"2018-04-12T10:03:33.594Z\",\"modified_on\":\"2018-04-12T10:51:39.699Z\",\"_id\":\"5acf2f18028dfc519d2e0f9f\",\"comment\":\"-1,-1,0,,0,hello ,-1,,1,,0,ram,1, ,1,hello ram\",\"__v\":0}]","timestamp":"2018-04-12T10:52:54.494Z"}
{"level":"debug","message":"synComment API - return all comments","timestamp":"2018-04-12T10:52:54.494Z"}
{"level":"debug","message":"comment sync successfully","timestamp":"2018-04-12T10:53:02.509Z"}
{"level":"debug","message":"syncComment API - sync comment","timestamp":"2018-04-12T10:53:02.509Z"}
{"level":"debug","message":"1","timestamp":"2018-04-12T10:53:04.839Z"}
{"level":"debug","message":"[{\"created_on\":\"2018-04-12T10:03:33.594Z\",\"modified_on\":\"2018-04-12T10:52:59.730Z\",\"_id\":\"5acf2f18028dfc519d2e0f9f\",\"comment\":\"0,hello ram\",\"__v\":0}]","timestamp":"2018-04-12T10:53:04.839Z"}
{"level":"debug","message":"synComment API - return all comments","timestamp":"2018-04-12T10:53:04.840Z"}
{"level":"debug","message":"comment sync successfully","timestamp":"2018-04-12T10:53:11.711Z"}
{"level":"debug","message":"syncComment API - sync comment","timestamp":"2018-04-12T10:53:11.712Z"}
{"level":"debug","message":"comment sync successfully","timestamp":"2018-04-12T10:53:35.711Z"}
{"level":"debug","message":"syncComment API - sync comment","timestamp":"2018-04-12T10:53:35.711Z"}
{"level":"debug","message":"comment sync successfully","timestamp":"2018-04-12T10:54:03.891Z"}
{"level":"debug","message":"syncComment API - sync comment","timestamp":"2018-04-12T10:54:03.892Z"}
{"level":"debug","message":"Rest Api Initialization Started..","timestamp":"2018-04-12T10:57:31.563Z"}
{"level":"debug","message":"1","timestamp":"2018-04-12T10:57:32.594Z"}
{"level":"debug","message":"[{\"created_on\":\"2018-04-12T10:03:33.594Z\",\"modified_on\":\"2018-04-12T10:53:45.687Z\",\"_id\":\"5acf2f18028dfc519d2e0f9f\",\"comment\":\"0,hello\",\"__v\":0}]","timestamp":"2018-04-12T10:57:32.595Z"}
{"level":"debug","message":"synComment API - return all comments","timestamp":"2018-04-12T10:57:32.595Z"}
{"level":"debug","message":"comment sync successfully","timestamp":"2018-04-12T11:04:49.113Z"}
{"level":"debug","message":"syncComment API - sync comment","timestamp":"2018-04-12T11:04:49.113Z"}
{"level":"debug","message":"comment sync successfully","timestamp":"2018-04-12T11:04:52.851Z"}
{"level":"debug","message":"syncComment API - sync comment","timestamp":"2018-04-12T11:04:52.851Z"}
{"level":"debug","message":"1","timestamp":"2018-04-12T11:04:57.277Z"}
{"level":"debug","message":"[{\"created_on\":\"2018-04-12T10:03:33.594Z\",\"modified_on\":\"2018-04-12T11:04:49.116Z\",\"_id\":\"5acf2f18028dfc519d2e0f9f\",\"comment\":\"-1,-1,0,0,0,hello\",\"__v\":0}]","timestamp":"2018-04-12T11:04:57.277Z"}
{"level":"debug","message":"synComment API - return all comments","timestamp":"2018-04-12T11:04:57.277Z"}
{"level":"debug","message":"comment sync successfully","timestamp":"2018-04-12T11:07:04.268Z"}
{"level":"debug","message":"syncComment API - sync comment","timestamp":"2018-04-12T11:07:04.269Z"}
{"level":"debug","message":"1","timestamp":"2018-04-12T11:07:07.273Z"}
{"level":"debug","message":"[{\"created_on\":\"2018-04-12T10:03:33.594Z\",\"modified_on\":\"2018-04-12T11:06:24.698Z\",\"_id\":\"5acf2f18028dfc519d2e0f9f\",\"comment\":\"-1,-1,-1,0,0,0,hello1,hh\",\"__v\":0}]","timestamp":"2018-04-12T11:07:07.273Z"}
{"level":"debug","message":"synComment API - return all comments","timestamp":"2018-04-12T11:07:07.273Z"}
{"level":"debug","message":"comment sync successfully","timestamp":"2018-04-12T11:07:32.970Z"}
{"level":"debug","message":"syncComment API - sync comment","timestamp":"2018-04-12T11:07:32.971Z"}
{"level":"debug","message":"1","timestamp":"2018-04-12T11:07:53.673Z"}
{"level":"debug","message":"[{\"created_on\":\"2018-04-12T10:03:33.594Z\",\"modified_on\":\"2018-04-12T11:07:12.711Z\",\"_id\":\"5acf2f18028dfc519d2e0f9f\",\"comment\":\"hello\",\"__v\":0}]","timestamp":"2018-04-12T11:07:53.673Z"}
{"level":"debug","message":"synComment API - return all comments","timestamp":"2018-04-12T11:07:53.673Z"}
{"level":"debug","message":"Rest Api Initialization Started..","timestamp":"2018-04-12T11:08:58.481Z"}
{"level":"debug","message":"1","timestamp":"2018-04-12T11:09:23.266Z"}
{"level":"debug","message":"[{\"created_on\":\"2018-04-12T10:03:33.594Z\",\"modified_on\":\"2018-04-12T11:07:12.711Z\",\"_id\":\"5acf2f18028dfc519d2e0f9f\",\"comment\":\"hello\",\"__v\":0}]","timestamp":"2018-04-12T11:09:23.267Z"}
{"level":"debug","message":"synComment API - return all comments","timestamp":"2018-04-12T11:09:23.267Z"}
{"level":"debug","message":"Rest Api Initialization Started..","timestamp":"2018-04-12T11:10:00.702Z"}
{"level":"debug","message":"1","timestamp":"2018-04-12T11:10:06.081Z"}
{"level":"debug","message":"[{\"created_on\":\"2018-04-12T10:03:33.594Z\",\"modified_on\":\"2018-04-12T11:07:12.711Z\",\"_id\":\"5acf2f18028dfc519d2e0f9f\",\"comment\":\"hello\",\"__v\":0}]","timestamp":"2018-04-12T11:10:06.082Z"}
{"level":"debug","message":"synComment API - return all comments","timestamp":"2018-04-12T11:10:06.082Z"}
{"level":"debug","message":"comment sync successfully","timestamp":"2018-04-12T11:10:21.982Z"}
{"level":"debug","message":"syncComment API - sync comment","timestamp":"2018-04-12T11:10:21.983Z"}
{"level":"debug","message":"1","timestamp":"2018-04-12T11:10:24.378Z"}
{"level":"debug","message":"[{\"created_on\":\"2018-04-12T10:03:33.594Z\",\"modified_on\":\"2018-04-12T11:10:10.714Z\",\"_id\":\"5acf2f18028dfc519d2e0f9f\",\"comment\":\"hello ram\",\"__v\":0}]","timestamp":"2018-04-12T11:10:24.378Z"}
{"level":"debug","message":"synComment API - return all comments","timestamp":"2018-04-12T11:10:24.378Z"}
{"level":"debug","message":"comment sync successfully","timestamp":"2018-04-12T11:10:47.617Z"}
{"level":"debug","message":"syncComment API - sync comment","timestamp":"2018-04-12T11:10:47.617Z"}
{"level":"debug","message":"1","timestamp":"2018-04-12T11:10:55.501Z"}
{"level":"debug","message":"[{\"created_on\":\"2018-04-12T10:03:33.594Z\",\"modified_on\":\"2018-04-12T11:10:28.694Z\",\"_id\":\"5acf2f18028dfc519d2e0f9f\",\"comment\":\"hello ram\",\"__v\":0}]","timestamp":"2018-04-12T11:10:55.501Z"}
{"level":"debug","message":"synComment API - return all comments","timestamp":"2018-04-12T11:10:55.502Z"}
{"level":"debug","message":"Rest Api Initialization Started..","timestamp":"2018-04-12T11:11:35.870Z"}
{"level":"debug","message":"1","timestamp":"2018-04-12T11:11:39.603Z"}
{"level":"debug","message":"[{\"created_on\":\"2018-04-12T10:03:33.594Z\",\"modified_on\":\"2018-04-12T11:10:28.694Z\",\"_id\":\"5acf2f18028dfc519d2e0f9f\",\"comment\":\"hello ram\",\"__v\":0}]","timestamp":"2018-04-12T11:11:39.603Z"}
{"level":"debug","message":"synComment API - return all comments","timestamp":"2018-04-12T11:11:39.604Z"}
{"level":"debug","message":"Rest Api Initialization Started..","timestamp":"2018-04-12T11:12:47.059Z"}
{"level":"debug","message":"1","timestamp":"2018-04-12T11:12:56.421Z"}
{"level":"debug","message":"[{\"created_on\":\"2018-04-12T10:03:33.594Z\",\"modified_on\":\"2018-04-12T11:10:28.694Z\",\"_id\":\"5acf2f18028dfc519d2e0f9f\",\"comment\":\"hello ram\",\"__v\":0}]","timestamp":"2018-04-12T11:12:56.422Z"}
{"level":"debug","message":"synComment API - return all comments","timestamp":"2018-04-12T11:12:56.422Z"}
{"level":"debug","message":"Rest Api Initialization Started..","timestamp":"2018-04-12T11:13:20.604Z"}
{"level":"debug","message":"1","timestamp":"2018-04-12T11:13:22.181Z"}
{"level":"debug","message":"[{\"created_on\":\"2018-04-12T10:03:33.594Z\",\"modified_on\":\"2018-04-12T11:10:28.694Z\",\"_id\":\"5acf2f18028dfc519d2e0f9f\",\"comment\":\"hello ram\",\"__v\":0}]","timestamp":"2018-04-12T11:13:22.182Z"}
{"level":"debug","message":"synComment API - return all comments","timestamp":"2018-04-12T11:13:22.182Z"}
{"level":"debug","message":"comment sync successfully","timestamp":"2018-04-12T11:13:29.844Z"}
{"level":"debug","message":"syncComment API - sync comment","timestamp":"2018-04-12T11:13:29.844Z"}
{"level":"debug","message":"1","timestamp":"2018-04-12T11:13:32.009Z"}
{"level":"debug","message":"[{\"created_on\":\"2018-04-12T10:03:33.594Z\",\"modified_on\":\"2018-04-12T11:13:25.714Z\",\"_id\":\"5acf2f18028dfc519d2e0f9f\",\"comment\":\"hello \",\"__v\":0}]","timestamp":"2018-04-12T11:13:32.010Z"}
{"level":"debug","message":"synComment API - return all comments","timestamp":"2018-04-12T11:13:32.010Z"}
{"level":"debug","message":"comment sync successfully","timestamp":"2018-04-12T11:13:41.768Z"}
{"level":"debug","message":"syncComment API - sync comment","timestamp":"2018-04-12T11:13:41.768Z"}
